<?xml version="1.0" encoding="UTF-8"?>
<!-- Generated by org.testng.reporters.JUnitXMLReporter -->
<testsuite hostname="Nazmuls-MacBook-Pro.local" ignored="19" name="Default test" tests="1" failures="0" timestamp="2023-01-16T15:29:10 EST" time="4.157" errors="0">
  <testcase name="testCase_07_DragAndDrop" time="1.543" classname="take_Home_WebDriver_Test.testCasePackage.WebDriverTest_01"/>
  <testcase name="testCase_01_loginSuccessful" time="0.0" classname="take_Home_WebDriver_Test.testCasePackage.WebDriverTest_01">
    <ignored/>
  </testcase> <!-- testCase_01_loginSuccessful -->
  <testcase name="testCase_11_File_Upload" time="0.0" classname="take_Home_WebDriver_Test.testCasePackage.WebDriverTest_01">
    <ignored/>
  </testcase> <!-- testCase_11_File_Upload -->
  <testcase name="testCase_20_NotificationMessage" time="0.0" classname="take_Home_WebDriver_Test.testCasePackage.WebDriverTest_01">
    <ignored/>
  </testcase> <!-- testCase_20_NotificationMessage -->
  <testcase name="testCase_09_DynamicContent" time="0.0" classname="take_Home_WebDriver_Test.testCasePackage.WebDriverTest_01">
    <ignored/>
  </testcase> <!-- testCase_09_DynamicContent -->
  <testcase name="testCase_19_OpenNewTab" time="0.0" classname="take_Home_WebDriver_Test.testCasePackage.WebDriverTest_01">
    <ignored/>
  </testcase> <!-- testCase_19_OpenNewTab -->
  <testcase name="testCase_15_IFrame" time="0.0" classname="take_Home_WebDriver_Test.testCasePackage.WebDriverTest_01">
    <ignored/>
  </testcase> <!-- testCase_15_IFrame -->
  <testcase name="testCase_16_Mouse_Hover" time="0.0" classname="take_Home_WebDriver_Test.testCasePackage.WebDriverTest_01">
    <ignored/>
  </testcase> <!-- testCase_16_Mouse_Hover -->
  <testcase name="testCase_04_uncheckToCheck" time="0.0" classname="take_Home_WebDriver_Test.testCasePackage.WebDriverTest_01">
    <ignored/>
  </testcase> <!-- testCase_04_uncheckToCheck -->
  <testcase name="testCase_18_JavaScriptErrors" time="0.0" classname="take_Home_WebDriver_Test.testCasePackage.WebDriverTest_01">
    <ignored/>
  </testcase> <!-- testCase_18_JavaScriptErrors -->
  <testcase name="testCase_06_Context_menu" time="0.0" classname="take_Home_WebDriver_Test.testCasePackage.WebDriverTest_01">
    <ignored/>
  </testcase> <!-- testCase_06_Context_menu -->
  <testcase name="testCase_02_wrongPasswordCredential" time="0.0" classname="take_Home_WebDriver_Test.testCasePackage.WebDriverTest_01">
    <ignored/>
  </testcase> <!-- testCase_02_wrongPasswordCredential -->
  <testcase name="testCase_03_wrongUserNameCredential" time="0.0" classname="take_Home_WebDriver_Test.testCasePackage.WebDriverTest_01">
    <ignored/>
  </testcase> <!-- testCase_03_wrongUserNameCredential -->
  <testcase name="testCase_12_File_DownLoad" time="0.0" classname="take_Home_WebDriver_Test.testCasePackage.WebDriverTest_01">
    <ignored/>
  </testcase> <!-- testCase_12_File_DownLoad -->
  <testcase name="testCase_10_Dynamic_Controls" time="0.0" classname="take_Home_WebDriver_Test.testCasePackage.WebDriverTest_01">
    <ignored/>
  </testcase> <!-- testCase_10_Dynamic_Controls -->
  <testcase name="testCase_05_checkToUnCheck" time="0.0" classname="take_Home_WebDriver_Test.testCasePackage.WebDriverTest_01">
    <ignored/>
  </testcase> <!-- testCase_05_checkToUnCheck -->
  <testcase name="testCase_08_Dropdown" time="0.0" classname="take_Home_WebDriver_Test.testCasePackage.WebDriverTest_01">
    <ignored/>
  </testcase> <!-- testCase_08_Dropdown -->
  <testcase name="testCase_14_Floating_Menu" time="0.0" classname="take_Home_WebDriver_Test.testCasePackage.WebDriverTest_01">
    <ignored/>
  </testcase> <!-- testCase_14_Floating_Menu -->
  <testcase name="testCase_17_JavaScriptAlerts" time="0.0" classname="take_Home_WebDriver_Test.testCasePackage.WebDriverTest_01">
    <ignored/>
  </testcase> <!-- testCase_17_JavaScriptAlerts -->
  <testcase name="testCase_13_Dynamic_Loading" time="0.0" classname="take_Home_WebDriver_Test.testCasePackage.WebDriverTest_01">
    <ignored/>
  </testcase> <!-- testCase_13_Dynamic_Loading -->
</testsuite> <!-- Default test -->
